comqqxgdemo/build/outputs/logs/manifest-merger-debug-report.txt
-- Merging decision tree log ---
manifest
ADDED from src\main\AndroidManifest.xml:1:1-246:12
	package
		ADDED from src\main\AndroidManifest.xml:2:5-34
		INJECTED from src\main\AndroidManifest.xml
		INJECTED from src\main\AndroidManifest.xml
	android:versionName
		ADDED from src\main\AndroidManifest.xml:4:5-30
		INJECTED from src\main\AndroidManifest.xml
		INJECTED from src\main\AndroidManifest.xml
	android:versionCode
		ADDED from src\main\AndroidManifest.xml:3:5-28
		INJECTED from src\main\AndroidManifest.xml
		INJECTED from src\main\AndroidManifest.xml
	xmlns:android
		ADDED from src\main\AndroidManifest.xml:1:11-69
uses-permission#tk.huayu.edog.ContentProvider.Config
ADDED from src\main\AndroidManifest.xml:8:5-76
	android:name
		ADDED from src\main\AndroidManifest.xml:8:22-73
application
ADDED from src\main\AndroidManifest.xml:14:5-204:19
MERGED from [com.android.support:support-v4:23.4.0] AndroidManifest.xml:22:5-20
MERGED from [com.tencent.bugly:crashreport_upgrade:1.3.4] AndroidManifest.xml:19:5-205:19
	android:label
		ADDED from src\main\AndroidManifest.xml:19:9-41
	android:allowBackup
		ADDED from src\main\AndroidManifest.xml:17:9-35
	android:icon
		ADDED from src\main\AndroidManifest.xml:18:9-45
	android:theme
		ADDED from src\main\AndroidManifest.xml:20:9-40
	android:name
		ADDED from src\main\AndroidManifest.xml:16:9-41
meta-data#com.tencent.rdm.uuid
ADDED from src\main\AndroidManifest.xml:25:10-112
	android:value
		ADDED from src\main\AndroidManifest.xml:25:57-109
	android:name
		ADDED from src\main\AndroidManifest.xml:25:21-56
activity#com.qq.xgdemo.MainActivity
ADDED from src\main\AndroidManifest.xml:26:9-35:20
	android:label
		ADDED from src\main\AndroidManifest.xml:28:13-45
	android:theme
		ADDED from src\main\AndroidManifest.xml:29:13-71
	android:name
		ADDED from src\main\AndroidManifest.xml:27:13-54
intent-filter#android.intent.action.MAIN+android.intent.category.LAUNCHER
ADDED from src\main\AndroidManifest.xml:30:13-34:29
action#android.intent.action.MAIN
ADDED from src\main\AndroidManifest.xml:31:17-69
	android:name
		ADDED from src\main\AndroidManifest.xml:31:25-66
category#android.intent.category.LAUNCHER
ADDED from src\main\AndroidManifest.xml:33:17-77
	android:name
		ADDED from src\main\AndroidManifest.xml:33:27-74
activity#com.qq.xgdemo.DeviceActivity
ADDED from src\main\AndroidManifest.xml:36:9-38:74
	android:theme
		ADDED from src\main\AndroidManifest.xml:38:13-71
	android:name
		ADDED from src\main\AndroidManifest.xml:37:13-56
activity#com.qq.xgdemo.AboutActivity
ADDED from src\main\AndroidManifest.xml:39:9-41:74
	android:theme
		ADDED from src\main\AndroidManifest.xml:41:13-71
	android:name
		ADDED from src\main\AndroidManifest.xml:40:13-55
activity#com.qq.xgdemo.HelpActivity
ADDED from src\main\AndroidManifest.xml:42:9-44:74
	android:theme
		ADDED from src\main\AndroidManifest.xml:44:13-71
	android:name
		ADDED from src\main\AndroidManifest.xml:43:13-54
activity#com.qq.xgdemo.MsgInfoActivity
ADDED from src\main\AndroidManifest.xml:45:9-47:74
	android:theme
		ADDED from src\main\AndroidManifest.xml:47:13-71
	android:name
		ADDED from src\main\AndroidManifest.xml:46:13-57
activity#com.qq.xgdemo.SettingActivity
ADDED from src\main\AndroidManifest.xml:48:9-50:74
	android:theme
		ADDED from src\main\AndroidManifest.xml:50:13-71
	android:name
		ADDED from src\main\AndroidManifest.xml:49:13-57
activity#com.qq.xgdemo.DiagnosisActivity
ADDED from src\main\AndroidManifest.xml:51:9-53:74
	android:theme
		ADDED from src\main\AndroidManifest.xml:53:13-71
	android:name
		ADDED from src\main\AndroidManifest.xml:52:13-59
activity#com.tencent.android.tpush.XGPushActivity
ADDED from src\main\AndroidManifest.xml:56:9-64:20
	android:exported
		ADDED from src\main\AndroidManifest.xml:59:13-37
	android:theme
		ADDED from src\main\AndroidManifest.xml:58:13-61
	android:name
		ADDED from src\main\AndroidManifest.xml:57:13-68
intent-filter#android.intent.action
ADDED from src\main\AndroidManifest.xml:60:13-63:29
action#android.intent.action
ADDED from src\main\AndroidManifest.xml:62:17-64
	android:name
		ADDED from src\main\AndroidManifest.xml:62:25-61
activity#com.tencent.bugly.beta.ui.BetaActivity
ADDED from src\main\AndroidManifest.xml:68:9-71:64
MERGED from [com.tencent.bugly:crashreport_upgrade:1.3.4] AndroidManifest.xml:22:9-26:56
	android:configChanges
		ADDED from src\main\AndroidManifest.xml:70:13-81
	android:theme
		ADDED from src\main\AndroidManifest.xml:71:13-61
	tools:replace
		ADDED from [com.tencent.bugly:crashreport_upgrade:1.3.4] AndroidManifest.xml:26:13-53
	android:name
		ADDED from src\main\AndroidManifest.xml:69:13-66
provider#android.support.v4.content.FileProvider
ADDED from src\main\AndroidManifest.xml:73:9-81:20
	android:authorities
		ADDED from src\main\AndroidManifest.xml:75:13-64
		INJECTED from src\main\AndroidManifest.xml
	android:grantUriPermissions
		ADDED from src\main\AndroidManifest.xml:77:13-47
	android:exported
		ADDED from src\main\AndroidManifest.xml:76:13-37
	android:name
		ADDED from src\main\AndroidManifest.xml:74:13-67
meta-data#android.support.FILE_PROVIDER_PATHS
ADDED from src\main\AndroidManifest.xml:78:13-80:57
	android:resource
		ADDED from src\main\AndroidManifest.xml:80:17-55
	android:name
		ADDED from src\main\AndroidManifest.xml:79:17-67
receiver#com.tencent.android.tpush.XGPushReceiver
ADDED from src\main\AndroidManifest.xml:87:9-115:20
	android:process
		ADDED from src\main\AndroidManifest.xml:89:13-45
	android:name
		ADDED from src\main\AndroidManifest.xml:88:13-68
intent-filter#android.bluetooth.adapter.action.STATE_CHANGED+android.intent.action.ACTION_POWER_CONNECTED+android.intent.action.ACTION_POWER_DISCONNECTED+android.intent.action.USER_PRESENT+android.net.conn.CONNECTIVITY_CHANGE+com.tencent.android.tpush.action.INTERNAL_PUSH_MESSAGE+com.tencent.android.tpush.action.SDK
ADDED from src\main\AndroidManifest.xml:90:13-105:29
	android:priority
		ADDED from src\main\AndroidManifest.xml:90:28-57
action#com.tencent.android.tpush.action.SDK
ADDED from src\main\AndroidManifest.xml:93:17-79
	android:name
		ADDED from src\main\AndroidManifest.xml:93:25-76
action#com.tencent.android.tpush.action.INTERNAL_PUSH_MESSAGE
ADDED from src\main\AndroidManifest.xml:94:17-97
	android:name
		ADDED from src\main\AndroidManifest.xml:94:25-94
action#android.net.conn.CONNECTIVITY_CHANGE
ADDED from src\main\AndroidManifest.xml:96:17-79
	android:name
		ADDED from src\main\AndroidManifest.xml:96:25-76
action#android.intent.action.USER_PRESENT
ADDED from src\main\AndroidManifest.xml:99:17-77
	android:name
		ADDED from src\main\AndroidManifest.xml:99:25-74
action#android.bluetooth.adapter.action.STATE_CHANGED
ADDED from src\main\AndroidManifest.xml:102:17-89
	android:name
		ADDED from src\main\AndroidManifest.xml:102:25-86
action#android.intent.action.ACTION_POWER_CONNECTED
ADDED from src\main\AndroidManifest.xml:103:17-87
	android:name
		ADDED from src\main\AndroidManifest.xml:103:25-84
action#android.intent.action.ACTION_POWER_DISCONNECTED
ADDED from src\main\AndroidManifest.xml:104:17-90
	android:name
		ADDED from src\main\AndroidManifest.xml:104:25-87
intent-filter#android.intent.action.MEDIA_CHECKING+android.intent.action.MEDIA_EJECT+android.intent.action.MEDIA_REMOVED+android.intent.action.MEDIA_UNMOUNTED
ADDED from src\main\AndroidManifest.xml:107:13-114:29
	android:priority
		ADDED from src\main\AndroidManifest.xml:107:28-57
action#android.intent.action.MEDIA_UNMOUNTED
ADDED from src\main\AndroidManifest.xml:108:17-80
	android:name
		ADDED from src\main\AndroidManifest.xml:108:25-77
action#android.intent.action.MEDIA_REMOVED
ADDED from src\main\AndroidManifest.xml:109:17-78
	android:name
		ADDED from src\main\AndroidManifest.xml:109:25-75
action#android.intent.action.MEDIA_CHECKING
ADDED from src\main\AndroidManifest.xml:110:17-79
	android:name
		ADDED from src\main\AndroidManifest.xml:110:25-76
action#android.intent.action.MEDIA_EJECT
ADDED from src\main\AndroidManifest.xml:111:17-76
	android:name
		ADDED from src\main\AndroidManifest.xml:111:25-73
data
ADDED from src\main\AndroidManifest.xml:113:17-47
	android:scheme
		ADDED from src\main\AndroidManifest.xml:113:23-44
service#com.tencent.android.tpush.service.XGPushServiceV3
ADDED from src\main\AndroidManifest.xml:117:9-121:48
	android:process
		ADDED from src\main\AndroidManifest.xml:121:13-45
	android:exported
		ADDED from src\main\AndroidManifest.xml:119:13-36
	android:persistent
		ADDED from src\main\AndroidManifest.xml:120:13-38
	android:name
		ADDED from src\main\AndroidManifest.xml:118:13-77
service#com.tencent.android.tpush.service.XGDaemonService
ADDED from src\main\AndroidManifest.xml:124:9-126:48
	android:process
		ADDED from src\main\AndroidManifest.xml:126:13-45
	android:name
		ADDED from src\main\AndroidManifest.xml:125:13-77
receiver#com.qq.xgdemo.receiver.MessageReceiver
ADDED from src\main\AndroidManifest.xml:130:9-143:20
	android:exported
		ADDED from src\main\AndroidManifest.xml:131:13-36
	android:name
		ADDED from src\main\AndroidManifest.xml:130:19-72
intent-filter#android.intent.action.BOOT_COMPLETED+com.tencent.android.tpush.action.FEEDBACK+com.tencent.android.tpush.action.PUSH_MESSAGE
ADDED from src\main\AndroidManifest.xml:132:13-142:29
action#com.tencent.android.tpush.action.PUSH_MESSAGE
ADDED from src\main\AndroidManifest.xml:134:17-88
	android:name
		ADDED from src\main\AndroidManifest.xml:134:25-85
action#com.tencent.android.tpush.action.FEEDBACK
ADDED from src\main\AndroidManifest.xml:136:17-84
	android:name
		ADDED from src\main\AndroidManifest.xml:136:25-81
action#android.intent.action.BOOT_COMPLETED
ADDED from src\main\AndroidManifest.xml:139:17-79
	android:name
		ADDED from src\main\AndroidManifest.xml:139:25-76
receiver#com.qq.xgdemo.receiver.AppReceiver
ADDED from src\main\AndroidManifest.xml:145:9-160:20
	android:name
		ADDED from src\main\AndroidManifest.xml:145:19-68
intent-filter#action.colink.upload.picture+action.colink.upload.video+android.intent.action.BOOT_COMPLETED+android.net.conn.CONNECTIVITY_CHANGE+com.ruiyi.ctrlright
ADDED from src\main\AndroidManifest.xml:146:13-159:29
action#action.colink.upload.picture
ADDED from src\main\AndroidManifest.xml:149:17-71
	android:name
		ADDED from src\main\AndroidManifest.xml:149:25-68
action#action.colink.upload.video
ADDED from src\main\AndroidManifest.xml:150:17-69
	android:name
		ADDED from src\main\AndroidManifest.xml:150:25-66
action#com.ruiyi.ctrlright
ADDED from src\main\AndroidManifest.xml:157:17-62
	android:name
		ADDED from src\main\AndroidManifest.xml:157:25-59
service#com.tencent.android.tpush.rpc.XGRemoteService
ADDED from src\main\AndroidManifest.xml:166:9-173:19
	android:exported
		ADDED from src\main\AndroidManifest.xml:168:13-36
	android:name
		ADDED from src\main\AndroidManifest.xml:167:13-73
intent-filter#cn.wl.cogoo.service.PUSH_ACTION
ADDED from src\main\AndroidManifest.xml:169:13-172:29
action#cn.wl.cogoo.service.PUSH_ACTION
ADDED from src\main\AndroidManifest.xml:171:17-74
	android:name
		ADDED from src\main\AndroidManifest.xml:171:25-71
provider#com.tencent.android.tpush.XGPushProvider
ADDED from src\main\AndroidManifest.xml:176:9-180:15
	android:authorities
		ADDED from src\main\AndroidManifest.xml:178:13-66
	android:exported
		ADDED from src\main\AndroidManifest.xml:179:13-36
	android:name
		ADDED from src\main\AndroidManifest.xml:177:13-68
provider#com.tencent.android.tpush.SettingsContentProvider
ADDED from src\main\AndroidManifest.xml:183:9-186:40
	android:authorities
		ADDED from src\main\AndroidManifest.xml:185:13-69
	android:exported
		ADDED from src\main\AndroidManifest.xml:186:13-37
	android:name
		ADDED from src\main\AndroidManifest.xml:184:13-77
provider#com.tencent.mid.api.MidProvider
ADDED from src\main\AndroidManifest.xml:189:9-193:20
	android:authorities
		ADDED from src\main\AndroidManifest.xml:191:13-69
	android:exported
		ADDED from src\main\AndroidManifest.xml:192:13-36
	android:name
		ADDED from src\main\AndroidManifest.xml:190:13-59
meta-data#XG_V2_ACCESS_ID
ADDED from src\main\AndroidManifest.xml:197:9-199:42
	android:value
		ADDED from src\main\AndroidManifest.xml:199:13-39
	android:name
		ADDED from src\main\AndroidManifest.xml:198:13-43
meta-data#XG_V2_ACCESS_KEY
ADDED from src\main\AndroidManifest.xml:201:9-203:44
	android:value
		ADDED from src\main\AndroidManifest.xml:203:13-41
	android:name
		ADDED from src\main\AndroidManifest.xml:202:13-44
uses-permission#android.permission.INTERNET
ADDED from src\main\AndroidManifest.xml:207:5-67
MERGED from [com.tencent.bugly:crashreport_upgrade:1.3.4] AndroidManifest.xml:12:5-67
	android:name
		ADDED from src\main\AndroidManifest.xml:207:22-64
uses-permission#android.permission.READ_PHONE_STATE
ADDED from src\main\AndroidManifest.xml:208:5-75
MERGED from [com.tencent.bugly:crashreport_upgrade:1.3.4] AndroidManifest.xml:11:5-75
	android:name
		ADDED from src\main\AndroidManifest.xml:208:22-72
uses-permission#android.permission.ACCESS_WIFI_STATE
ADDED from src\main\AndroidManifest.xml:209:5-76
MERGED from [com.tencent.bugly:crashreport_upgrade:1.3.4] AndroidManifest.xml:14:5-76
	android:name
		ADDED from src\main\AndroidManifest.xml:209:22-73
uses-permission#android.permission.ACCESS_NETWORK_STATE
ADDED from src\main\AndroidManifest.xml:210:5-79
MERGED from [com.tencent.bugly:crashreport_upgrade:1.3.4] AndroidManifest.xml:13:5-79
	android:name
		ADDED from src\main\AndroidManifest.xml:210:22-76
uses-permission#android.permission.WAKE_LOCK
ADDED from src\main\AndroidManifest.xml:211:5-68
	android:name
		ADDED from src\main\AndroidManifest.xml:211:22-65
uses-permission#android.permission.VIBRATE
ADDED from src\main\AndroidManifest.xml:212:5-66
	android:name
		ADDED from src\main\AndroidManifest.xml:212:22-63
uses-permission#android.permission.RECEIVE_USER_PRESENT
ADDED from src\main\AndroidManifest.xml:214:5-79
	android:name
		ADDED from src\main\AndroidManifest.xml:214:22-76
uses-permission#android.permission.RECEIVE_BOOT_COMPLETED
ADDED from src\main\AndroidManifest.xml:215:5-81
	android:name
		ADDED from src\main\AndroidManifest.xml:215:22-78
uses-permission#android.permission.WRITE_EXTERNAL_STORAGE
ADDED from src\main\AndroidManifest.xml:218:5-81
MERGED from [com.tencent.bugly:crashreport_upgrade:1.3.4] AndroidManifest.xml:16:5-81
	android:name
		ADDED from src\main\AndroidManifest.xml:218:22-78
uses-permission#android.permission.WRITE_SETTINGS
ADDED from src\main\AndroidManifest.xml:219:5-73
	android:name
		ADDED from src\main\AndroidManifest.xml:219:22-70
uses-permission#android.permission.RESTART_PACKAGES
ADDED from src\main\AndroidManifest.xml:220:5-75
	android:name
		ADDED from src\main\AndroidManifest.xml:220:22-72
uses-permission#android.permission.BROADCAST_STICKY
ADDED from src\main\AndroidManifest.xml:221:5-75
	android:name
		ADDED from src\main\AndroidManifest.xml:221:22-72
uses-permission#android.permission.KILL_BACKGROUND_PROCESSES
ADDED from src\main\AndroidManifest.xml:222:5-84
	android:name
		ADDED from src\main\AndroidManifest.xml:222:22-81
uses-permission#android.permission.GET_TASKS
ADDED from src\main\AndroidManifest.xml:223:5-68
	android:name
		ADDED from src\main\AndroidManifest.xml:223:22-65
uses-permission#android.permission.READ_LOGS
ADDED from src\main\AndroidManifest.xml:224:5-68
MERGED from [com.tencent.bugly:crashreport_upgrade:1.3.4] AndroidManifest.xml:15:5-68
	android:name
		ADDED from src\main\AndroidManifest.xml:224:22-65
uses-permission#android.permission.BLUETOOTH
ADDED from src\main\AndroidManifest.xml:225:5-68
	android:name
		ADDED from src\main\AndroidManifest.xml:225:22-65
uses-permission#android.permission.BATTERY_STATS
ADDED from src\main\AndroidManifest.xml:226:5-72
	android:name
		ADDED from src\main\AndroidManifest.xml:226:22-69
uses-sdk
INJECTED from src\main\AndroidManifest.xml reason: use-sdk injection requested
MERGED from [com.android.support:support-v4:23.4.0] AndroidManifest.xml:20:5-43
MERGED from [com.tencent.bugly:crashreport_upgrade:1.3.4] AndroidManifest.xml:6:5-8:41
MERGED from [com.tencent.bugly:nativecrashreport:3.3.1] AndroidManifest.xml:5:5-7:41
	android:targetSdkVersion
		INJECTED from src\main\AndroidManifest.xml
		INJECTED from src\main\AndroidManifest.xml
	android:minSdkVersion
		INJECTED from src\main\AndroidManifest.xml
		INJECTED from src\main\AndroidManifest.xml
provider#com.tencent.bugly.beta.utils.BuglyFileProvider
ADDED from [com.tencent.bugly:crashreport_upgrade:1.3.4] AndroidManifest.xml:28:9-38:20
	android:authorities
		ADDED from [com.tencent.bugly:crashreport_upgrade:1.3.4] AndroidManifest.xml:30:13-64
	android:grantUriPermissions
		ADDED from [com.tencent.bugly:crashreport_upgrade:1.3.4] AndroidManifest.xml:32:13-47
	android:exported
		ADDED from [com.tencent.bugly:crashreport_upgrade:1.3.4] AndroidManifest.xml:31:13-37
	tools:replace
		ADDED from [com.tencent.bugly:crashreport_upgrade:1.3.4] AndroidManifest.xml:33:13-74
	android:name
		ADDED from [com.tencent.bugly:crashreport_upgrade:1.3.4] AndroidManifest.xml:29:13-74
service#com.tencent.bugly.beta.tinker.TinkerResultService
ADDED from [com.tencent.bugly:crashreport_upgrade:1.3.4] AndroidManifest.xml:40:9-42:40
	android:exported
		ADDED from [com.tencent.bugly:crashreport_upgrade:1.3.4] AndroidManifest.xml:42:13-37
	android:name
		ADDED from [com.tencent.bugly:crashreport_upgrade:1.3.4] AndroidManifest.xml:41:13-77
activity#com.tencent.tinker.loader.hotplug.ActivityStubs$STDStub_00
ADDED from [com.tencent.bugly:crashreport_upgrade:1.3.4] AndroidManifest.xml:44:9-95
	android:name
		ADDED from [com.tencent.bugly:crashreport_upgrade:1.3.4] AndroidManifest.xml:44:19-92
activity#com.tencent.tinker.loader.hotplug.ActivityStubs$STDStub_01
ADDED from [com.tencent.bugly:crashreport_upgrade:1.3.4] AndroidManifest.xml:45:9-95
	android:name
		ADDED from [com.tencent.bugly:crashreport_upgrade:1.3.4] AndroidManifest.xml:45:19-92
activity#com.tencent.tinker.loader.hotplug.ActivityStubs$STDStub_02
ADDED from [com.tencent.bugly:crashreport_upgrade:1.3.4] AndroidManifest.xml:46:9-95
	android:name
		ADDED from [com.tencent.bugly:crashreport_upgrade:1.3.4] AndroidManifest.xml:46:19-92
activity#com.tencent.tinker.loader.hotplug.ActivityStubs$STDStub_03
ADDED from [com.tencent.bugly:crashreport_upgrade:1.3.4] AndroidManifest.xml:47:9-95
	android:name
		ADDED from [com.tencent.bugly:crashreport_upgrade:1.3.4] AndroidManifest.xml:47:19-92
activity#com.tencent.tinker.loader.hotplug.ActivityStubs$STDStub_04
ADDED from [com.tencent.bugly:crashreport_upgrade:1.3.4] AndroidManifest.xml:48:9-95
	android:name
		ADDED from [com.tencent.bugly:crashreport_upgrade:1.3.4] AndroidManifest.xml:48:19-92
activity#com.tencent.tinker.loader.hotplug.ActivityStubs$STDStub_05
ADDED from [com.tencent.bugly:crashreport_upgrade:1.3.4] AndroidManifest.xml:49:9-95
	android:name
		ADDED from [com.tencent.bugly:crashreport_upgrade:1.3.4] AndroidManifest.xml:49:19-92
activity#com.tencent.tinker.loader.hotplug.ActivityStubs$STDStub_06
ADDED from [com.tencent.bugly:crashreport_upgrade:1.3.4] AndroidManifest.xml:50:9-95
	android:name
		ADDED from [com.tencent.bugly:crashreport_upgrade:1.3.4] AndroidManifest.xml:50:19-92
activity#com.tencent.tinker.loader.hotplug.ActivityStubs$STDStub_07
ADDED from [com.tencent.bugly:crashreport_upgrade:1.3.4] AndroidManifest.xml:51:9-95
	android:name
		ADDED from [com.tencent.bugly:crashreport_upgrade:1.3.4] AndroidManifest.xml:51:19-92
activity#com.tencent.tinker.loader.hotplug.ActivityStubs$STDStub_08
ADDED from [com.tencent.bugly:crashreport_upgrade:1.3.4] AndroidManifest.xml:52:9-95
	android:name
		ADDED from [com.tencent.bugly:crashreport_upgrade:1.3.4] AndroidManifest.xml:52:19-92
activity#com.tencent.tinker.loader.hotplug.ActivityStubs$STDStub_09
ADDED from [com.tencent.bugly:crashreport_upgrade:1.3.4] AndroidManifest.xml:53:9-95
	android:name
		ADDED from [com.tencent.bugly:crashreport_upgrade:1.3.4] AndroidManifest.xml:53:19-92
activity#com.tencent.tinker.loader.hotplug.ActivityStubs$STDStub_00_T
ADDED from [com.tencent.bugly:crashreport_upgrade:1.3.4] AndroidManifest.xml:54:9-56:64
	android:theme
		ADDED from [com.tencent.bugly:crashreport_upgrade:1.3.4] AndroidManifest.xml:56:13-61
	android:name
		ADDED from [com.tencent.bugly:crashreport_upgrade:1.3.4] AndroidManifest.xml:55:13-88
activity#com.tencent.tinker.loader.hotplug.ActivityStubs$STDStub_01_T
ADDED from [com.tencent.bugly:crashreport_upgrade:1.3.4] AndroidManifest.xml:57:9-59:64
	android:theme
		ADDED from [com.tencent.bugly:crashreport_upgrade:1.3.4] AndroidManifest.xml:59:13-61
	android:name
		ADDED from [com.tencent.bugly:crashreport_upgrade:1.3.4] AndroidManifest.xml:58:13-88
activity#com.tencent.tinker.loader.hotplug.ActivityStubs$STDStub_02_T
ADDED from [com.tencent.bugly:crashreport_upgrade:1.3.4] AndroidManifest.xml:60:9-62:64
	android:theme
		ADDED from [com.tencent.bugly:crashreport_upgrade:1.3.4] AndroidManifest.xml:62:13-61
	android:name
		ADDED from [com.tencent.bugly:crashreport_upgrade:1.3.4] AndroidManifest.xml:61:13-88
activity#com.tencent.tinker.loader.hotplug.ActivityStubs$SGTStub_00
ADDED from [com.tencent.bugly:crashreport_upgrade:1.3.4] AndroidManifest.xml:63:9-65:46
	android:launchMode
		ADDED from [com.tencent.bugly:crashreport_upgrade:1.3.4] AndroidManifest.xml:65:13-43
	android:name
		ADDED from [com.tencent.bugly:crashreport_upgrade:1.3.4] AndroidManifest.xml:64:13-86
activity#com.tencent.tinker.loader.hotplug.ActivityStubs$SGTStub_01
ADDED from [com.tencent.bugly:crashreport_upgrade:1.3.4] AndroidManifest.xml:66:9-68:46
	android:launchMode
		ADDED from [com.tencent.bugly:crashreport_upgrade:1.3.4] AndroidManifest.xml:68:13-43
	android:name
		ADDED from [com.tencent.bugly:crashreport_upgrade:1.3.4] AndroidManifest.xml:67:13-86
activity#com.tencent.tinker.loader.hotplug.ActivityStubs$SGTStub_02
ADDED from [com.tencent.bugly:crashreport_upgrade:1.3.4] AndroidManifest.xml:69:9-71:46
	android:launchMode
		ADDED from [com.tencent.bugly:crashreport_upgrade:1.3.4] AndroidManifest.xml:71:13-43
	android:name
		ADDED from [com.tencent.bugly:crashreport_upgrade:1.3.4] AndroidManifest.xml:70:13-86
activity#com.tencent.tinker.loader.hotplug.ActivityStubs$SGTStub_03
ADDED from [com.tencent.bugly:crashreport_upgrade:1.3.4] AndroidManifest.xml:72:9-74:46
	android:launchMode
		ADDED from [com.tencent.bugly:crashreport_upgrade:1.3.4] AndroidManifest.xml:74:13-43
	android:name
		ADDED from [com.tencent.bugly:crashreport_upgrade:1.3.4] AndroidManifest.xml:73:13-86
activity#com.tencent.tinker.loader.hotplug.ActivityStubs$SGTStub_04
ADDED from [com.tencent.bugly:crashreport_upgrade:1.3.4] AndroidManifest.xml:75:9-77:46
	android:launchMode
		ADDED from [com.tencent.bugly:crashreport_upgrade:1.3.4] AndroidManifest.xml:77:13-43
	android:name
		ADDED from [com.tencent.bugly:crashreport_upgrade:1.3.4] AndroidManifest.xml:76:13-86
activity#com.tencent.tinker.loader.hotplug.ActivityStubs$SGTStub_05
ADDED from [com.tencent.bugly:crashreport_upgrade:1.3.4] AndroidManifest.xml:78:9-80:46
	android:launchMode
		ADDED from [com.tencent.bugly:crashreport_upgrade:1.3.4] AndroidManifest.xml:80:13-43
	android:name
		ADDED from [com.tencent.bugly:crashreport_upgrade:1.3.4] AndroidManifest.xml:79:13-86
activity#com.tencent.tinker.loader.hotplug.ActivityStubs$SGTStub_06
ADDED from [com.tencent.bugly:crashreport_upgrade:1.3.4] AndroidManifest.xml:81:9-83:46
	android:launchMode
		ADDED from [com.tencent.bugly:crashreport_upgrade:1.3.4] AndroidManifest.xml:83:13-43
	android:name
		ADDED from [com.tencent.bugly:crashreport_upgrade:1.3.4] AndroidManifest.xml:82:13-86
activity#com.tencent.tinker.loader.hotplug.ActivityStubs$SGTStub_07
ADDED from [com.tencent.bugly:crashreport_upgrade:1.3.4] AndroidManifest.xml:84:9-86:46
	android:launchMode
		ADDED from [com.tencent.bugly:crashreport_upgrade:1.3.4] AndroidManifest.xml:86:13-43
	android:name
		ADDED from [com.tencent.bugly:crashreport_upgrade:1.3.4] AndroidManifest.xml:85:13-86
activity#com.tencent.tinker.loader.hotplug.ActivityStubs$SGTStub_08
ADDED from [com.tencent.bugly:crashreport_upgrade:1.3.4] AndroidManifest.xml:87:9-89:46
	android:launchMode
		ADDED from [com.tencent.bugly:crashreport_upgrade:1.3.4] AndroidManifest.xml:89:13-43
	android:name
		ADDED from [com.tencent.bugly:crashreport_upgrade:1.3.4] AndroidManifest.xml:88:13-86
activity#com.tencent.tinker.loader.hotplug.ActivityStubs$SGTStub_09
ADDED from [com.tencent.bugly:crashreport_upgrade:1.3.4] AndroidManifest.xml:90:9-92:46
	android:launchMode
		ADDED from [com.tencent.bugly:crashreport_upgrade:1.3.4] AndroidManifest.xml:92:13-43
	android:name
		ADDED from [com.tencent.bugly:crashreport_upgrade:1.3.4] AndroidManifest.xml:91:13-86
activity#com.tencent.tinker.loader.hotplug.ActivityStubs$SGTStub_00_T
ADDED from [com.tencent.bugly:crashreport_upgrade:1.3.4] AndroidManifest.xml:93:9-96:64
	android:launchMode
		ADDED from [com.tencent.bugly:crashreport_upgrade:1.3.4] AndroidManifest.xml:95:13-43
	android:theme
		ADDED from [com.tencent.bugly:crashreport_upgrade:1.3.4] AndroidManifest.xml:96:13-61
	android:name
		ADDED from [com.tencent.bugly:crashreport_upgrade:1.3.4] AndroidManifest.xml:94:13-88
activity#com.tencent.tinker.loader.hotplug.ActivityStubs$SGTStub_01_T
ADDED from [com.tencent.bugly:crashreport_upgrade:1.3.4] AndroidManifest.xml:97:9-100:64
	android:launchMode
		ADDED from [com.tencent.bugly:crashreport_upgrade:1.3.4] AndroidManifest.xml:99:13-43
	android:theme
		ADDED from [com.tencent.bugly:crashreport_upgrade:1.3.4] AndroidManifest.xml:100:13-61
	android:name
		ADDED from [com.tencent.bugly:crashreport_upgrade:1.3.4] AndroidManifest.xml:98:13-88
activity#com.tencent.tinker.loader.hotplug.ActivityStubs$SGTStub_02_T
ADDED from [com.tencent.bugly:crashreport_upgrade:1.3.4] AndroidManifest.xml:101:9-104:64
	android:launchMode
		ADDED from [com.tencent.bugly:crashreport_upgrade:1.3.4] AndroidManifest.xml:103:13-43
	android:theme
		ADDED from [com.tencent.bugly:crashreport_upgrade:1.3.4] AndroidManifest.xml:104:13-61
	android:name
		ADDED from [com.tencent.bugly:crashreport_upgrade:1.3.4] AndroidManifest.xml:102:13-88
activity#com.tencent.tinker.loader.hotplug.ActivityStubs$SGTKStub_00
ADDED from [com.tencent.bugly:crashreport_upgrade:1.3.4] AndroidManifest.xml:105:9-107:47
	android:launchMode
		ADDED from [com.tencent.bugly:crashreport_upgrade:1.3.4] AndroidManifest.xml:107:13-44
	android:name
		ADDED from [com.tencent.bugly:crashreport_upgrade:1.3.4] AndroidManifest.xml:106:13-87
activity#com.tencent.tinker.loader.hotplug.ActivityStubs$SGTKStub_01
ADDED from [com.tencent.bugly:crashreport_upgrade:1.3.4] AndroidManifest.xml:108:9-110:47
	android:launchMode
		ADDED from [com.tencent.bugly:crashreport_upgrade:1.3.4] AndroidManifest.xml:110:13-44
	android:name
		ADDED from [com.tencent.bugly:crashreport_upgrade:1.3.4] AndroidManifest.xml:109:13-87
activity#com.tencent.tinker.loader.hotplug.ActivityStubs$SGTKStub_02
ADDED from [com.tencent.bugly:crashreport_upgrade:1.3.4] AndroidManifest.xml:111:9-113:47
	android:launchMode
		ADDED from [com.tencent.bugly:crashreport_upgrade:1.3.4] AndroidManifest.xml:113:13-44
	android:name
		ADDED from [com.tencent.bugly:crashreport_upgrade:1.3.4] AndroidManifest.xml:112:13-87
activity#com.tencent.tinker.loader.hotplug.ActivityStubs$SGTKStub_03
ADDED from [com.tencent.bugly:crashreport_upgrade:1.3.4] AndroidManifest.xml:114:9-116:47
	android:launchMode
		ADDED from [com.tencent.bugly:crashreport_upgrade:1.3.4] AndroidManifest.xml:116:13-44
	android:name
		ADDED from [com.tencent.bugly:crashreport_upgrade:1.3.4] AndroidManifest.xml:115:13-87
activity#com.tencent.tinker.loader.hotplug.ActivityStubs$SGTKStub_04
ADDED from [com.tencent.bugly:crashreport_upgrade:1.3.4] AndroidManifest.xml:117:9-119:47
	android:launchMode
		ADDED from [com.tencent.bugly:crashreport_upgrade:1.3.4] AndroidManifest.xml:119:13-44
	android:name
		ADDED from [com.tencent.bugly:crashreport_upgrade:1.3.4] AndroidManifest.xml:118:13-87
activity#com.tencent.tinker.loader.hotplug.ActivityStubs$SGTKStub_05
ADDED from [com.tencent.bugly:crashreport_upgrade:1.3.4] AndroidManifest.xml:120:9-122:47
	android:launchMode
		ADDED from [com.tencent.bugly:crashreport_upgrade:1.3.4] AndroidManifest.xml:122:13-44
	android:name
		ADDED from [com.tencent.bugly:crashreport_upgrade:1.3.4] AndroidManifest.xml:121:13-87
activity#com.tencent.tinker.loader.hotplug.ActivityStubs$SGTKStub_06
ADDED from [com.tencent.bugly:crashreport_upgrade:1.3.4] AndroidManifest.xml:123:9-125:47
	android:launchMode
		ADDED from [com.tencent.bugly:crashreport_upgrade:1.3.4] AndroidManifest.xml:125:13-44
	android:name
		ADDED from [com.tencent.bugly:crashreport_upgrade:1.3.4] AndroidManifest.xml:124:13-87
activity#com.tencent.tinker.loader.hotplug.ActivityStubs$SGTKStub_07
ADDED from [com.tencent.bugly:crashreport_upgrade:1.3.4] AndroidManifest.xml:126:9-128:47
	android:launchMode
		ADDED from [com.tencent.bugly:crashreport_upgrade:1.3.4] AndroidManifest.xml:128:13-44
	android:name
		ADDED from [com.tencent.bugly:crashreport_upgrade:1.3.4] AndroidManifest.xml:127:13-87
activity#com.tencent.tinker.loader.hotplug.ActivityStubs$SGTKStub_08
ADDED from [com.tencent.bugly:crashreport_upgrade:1.3.4] AndroidManifest.xml:129:9-131:47
	android:launchMode
		ADDED from [com.tencent.bugly:crashreport_upgrade:1.3.4] AndroidManifest.xml:131:13-44
	android:name
		ADDED from [com.tencent.bugly:crashreport_upgrade:1.3.4] AndroidManifest.xml:130:13-87
activity#com.tencent.tinker.loader.hotplug.ActivityStubs$SGTKStub_09
ADDED from [com.tencent.bugly:crashreport_upgrade:1.3.4] AndroidManifest.xml:132:9-134:47
	android:launchMode
		ADDED from [com.tencent.bugly:crashreport_upgrade:1.3.4] AndroidManifest.xml:134:13-44
	android:name
		ADDED from [com.tencent.bugly:crashreport_upgrade:1.3.4] AndroidManifest.xml:133:13-87
activity#com.tencent.tinker.loader.hotplug.ActivityStubs$SGTKStub_00_T
ADDED from [com.tencent.bugly:crashreport_upgrade:1.3.4] AndroidManifest.xml:135:9-138:64
	android:launchMode